<?xml version="1.0" encoding="UTF-8"?>
<!-- Generated by org.testng.reporters.JUnitXMLReporter -->
<testsuite hostname="MacBook-Pro.local" ignored="0" name="Login" tests="9" failures="0" timestamp="02 May 2021 13:53:44 GMT" time="165.79" errors="0">
  <testcase name="createNewPostWithAnonymousPostTypeAndMultipleChoicenQuestion" time="10.714" classname="com.web.gethyphen.testcases.CreateNewPostTCs"/>
  <testcase name="createNewPostWithAnonymousPostTypeAndOpenQuestion" time="9.179" classname="com.web.gethyphen.testcases.CreateNewPostTCs"/>
  <testcase name="createNewPostWithNamedPostTypeAndMultipleChoicenQuestion" time="10.224" classname="com.web.gethyphen.testcases.CreateNewPostTCs"/>
  <testcase name="createNewPostWithNamedPostTypeAndOpenQuestion" time="9.431" classname="com.web.gethyphen.testcases.CreateNewPostTCs"/>
  <testcase name="createNewPostWithOfficialPostTypeAndMultipleChoicenQuestion" time="10.65" classname="com.web.gethyphen.testcases.CreateNewPostTCs"/>
  <testcase name="createNewPostWithOfficialPostTypeAndOpenQuestion" time="9.257" classname="com.web.gethyphen.testcases.CreateNewPostTCs"/>
  <testcase name="verifyLoginWithInValidEmail" time="0.391" classname="com.web.gethyphen.testcases.LoginPageTCs"/>
  <testcase name="verifyLoginWithValidCredentials" time="7.005" classname="com.web.gethyphen.testcases.LoginPageTCs"/>
  <testcase name="verifyLoginWithValidUserNameAndInValidPassword" time="5.633" classname="com.web.gethyphen.testcases.LoginPageTCs"/>
</testsuite> <!-- Login -->
