<?xml version="1.0" encoding="UTF-8"?>
<!-- Generated by org.testng.reporters.JUnitXMLReporter -->
<testsuite hostname="MacBook-Pro.local" ignored="0" name="Login" tests="9" failures="0" timestamp="02 May 2021 12:54:29 GMT" time="166.03" errors="0">
  <testcase name="createNewPostWithAnonymousPostTypeAndMultipleChoicenQuestion" time="9.426" classname="com.web.gethyphen.testcases.GetHyphenTCs"/>
  <testcase name="createNewPostWithAnonymousPostTypeAndOpenQuestion" time="8.473" classname="com.web.gethyphen.testcases.GetHyphenTCs"/>
  <testcase name="createNewPostWithNamedPostTypeAndMultipleChoicenQuestion" time="9.465" classname="com.web.gethyphen.testcases.GetHyphenTCs"/>
  <testcase name="createNewPostWithNamedPostTypeAndOpenQuestion" time="8.543" classname="com.web.gethyphen.testcases.GetHyphenTCs"/>
  <testcase name="createNewPostWithOfficialPostTypeAndMultipleChoicenQuestion" time="9.443" classname="com.web.gethyphen.testcases.GetHyphenTCs"/>
  <testcase name="createNewPostWithOfficialPostTypeAndOpenQuestion" time="8.528" classname="com.web.gethyphen.testcases.GetHyphenTCs"/>
  <testcase name="verifyLoginWithInValidEmail" time="0.288" classname="com.web.gethyphen.testcases.LoginPageTC"/>
  <testcase name="verifyLoginWithValidCredentials" time="6.546" classname="com.web.gethyphen.testcases.LoginPageTC"/>
  <testcase name="verifyLoginWithValidUserNameAndInValidPassword" time="5.561" classname="com.web.gethyphen.testcases.LoginPageTC"/>
</testsuite> <!-- Login -->
