<?xml version="1.0" encoding="UTF-8"?>
<testng-results skipped="0" failed="0" ignored="0" total="9" passed="9">
  <reporter-output>
  </reporter-output>
  <suite name="GethyphenTestSuite" duration-ms="165790" started-at="2021-05-02T13:50:58Z" finished-at="2021-05-02T13:53:44Z">
    <groups>
    </groups>
    <test name="Login" duration-ms="165790" started-at="2021-05-02T13:50:58Z" finished-at="2021-05-02T13:53:44Z">
      <class name="com.web.gethyphen.testcases.CreateNewPostTCs">
        <test-method status="PASS" signature="setUp(java.lang.String, java.lang.reflect.Method)[pri:0, instance:com.web.gethyphen.testcases.CreateNewPostTCs@550ee7e5]" name="setUp" is-config="true" duration-ms="9605" started-at="2021-05-02T13:50:58Z" finished-at="2021-05-02T13:51:07Z">
          <params>
            <param index="0">
              <value>
                <![CDATA[src/main/resources/prod/gethyphen.properties]]>
              </value>
            </param>
            <param index="1">
              <value>
                <![CDATA[public void com.web.gethyphen.testcases.CreateNewPostTCs.createNewPostWithAnonymousPostTypeAndMultipleChoicenQuestion()]]>
              </value>
            </param>
          </params>
          <reporter-output>
          </reporter-output>
        </test-method> <!-- setUp -->
        <test-method status="PASS" signature="login()[pri:0, instance:com.web.gethyphen.testcases.CreateNewPostTCs@550ee7e5]" name="login" is-config="true" duration-ms="3826" started-at="2021-05-02T13:51:07Z" finished-at="2021-05-02T13:51:11Z">
          <reporter-output>
          </reporter-output>
        </test-method> <!-- login -->
        <test-method status="PASS" signature="createNewPostWithAnonymousPostTypeAndMultipleChoicenQuestion()[pri:0, instance:com.web.gethyphen.testcases.CreateNewPostTCs@550ee7e5]" name="createNewPostWithAnonymousPostTypeAndMultipleChoicenQuestion" duration-ms="10714" started-at="2021-05-02T13:51:11Z" finished-at="2021-05-02T13:51:22Z">
          <reporter-output>
          </reporter-output>
        </test-method> <!-- createNewPostWithAnonymousPostTypeAndMultipleChoicenQuestion -->
        <test-method status="PASS" signature="closeTheBrowser()[pri:0, instance:com.web.gethyphen.testcases.CreateNewPostTCs@550ee7e5]" name="closeTheBrowser" is-config="true" duration-ms="488" started-at="2021-05-02T13:51:22Z" finished-at="2021-05-02T13:51:23Z">
          <reporter-output>
          </reporter-output>
        </test-method> <!-- closeTheBrowser -->
        <test-method status="PASS" signature="setUp(java.lang.String, java.lang.reflect.Method)[pri:0, instance:com.web.gethyphen.testcases.CreateNewPostTCs@550ee7e5]" name="setUp" is-config="true" duration-ms="7673" started-at="2021-05-02T13:51:23Z" finished-at="2021-05-02T13:51:30Z">
          <params>
            <param index="0">
              <value>
                <![CDATA[src/main/resources/prod/gethyphen.properties]]>
              </value>
            </param>
            <param index="1">
              <value>
                <![CDATA[public void com.web.gethyphen.testcases.CreateNewPostTCs.createNewPostWithAnonymousPostTypeAndOpenQuestion()]]>
              </value>
            </param>
          </params>
          <reporter-output>
          </reporter-output>
        </test-method> <!-- setUp -->
        <test-method status="PASS" signature="login()[pri:0, instance:com.web.gethyphen.testcases.CreateNewPostTCs@550ee7e5]" name="login" is-config="true" duration-ms="3717" started-at="2021-05-02T13:51:30Z" finished-at="2021-05-02T13:51:34Z">
          <reporter-output>
          </reporter-output>
        </test-method> <!-- login -->
        <test-method status="PASS" signature="createNewPostWithAnonymousPostTypeAndOpenQuestion()[pri:0, instance:com.web.gethyphen.testcases.CreateNewPostTCs@550ee7e5]" name="createNewPostWithAnonymousPostTypeAndOpenQuestion" duration-ms="9179" started-at="2021-05-02T13:51:34Z" finished-at="2021-05-02T13:51:43Z">
          <reporter-output>
          </reporter-output>
        </test-method> <!-- createNewPostWithAnonymousPostTypeAndOpenQuestion -->
        <test-method status="PASS" signature="closeTheBrowser()[pri:0, instance:com.web.gethyphen.testcases.CreateNewPostTCs@550ee7e5]" name="closeTheBrowser" is-config="true" duration-ms="190" started-at="2021-05-02T13:51:43Z" finished-at="2021-05-02T13:51:43Z">
          <reporter-output>
          </reporter-output>
        </test-method> <!-- closeTheBrowser -->
        <test-method status="PASS" signature="setUp(java.lang.String, java.lang.reflect.Method)[pri:0, instance:com.web.gethyphen.testcases.CreateNewPostTCs@550ee7e5]" name="setUp" is-config="true" duration-ms="7260" started-at="2021-05-02T13:51:43Z" finished-at="2021-05-02T13:51:51Z">
          <params>
            <param index="0">
              <value>
                <![CDATA[src/main/resources/prod/gethyphen.properties]]>
              </value>
            </param>
            <param index="1">
              <value>
                <![CDATA[public void com.web.gethyphen.testcases.CreateNewPostTCs.createNewPostWithNamedPostTypeAndMultipleChoicenQuestion()]]>
              </value>
            </param>
          </params>
          <reporter-output>
          </reporter-output>
        </test-method> <!-- setUp -->
        <test-method status="PASS" signature="login()[pri:0, instance:com.web.gethyphen.testcases.CreateNewPostTCs@550ee7e5]" name="login" is-config="true" duration-ms="3636" started-at="2021-05-02T13:51:51Z" finished-at="2021-05-02T13:51:54Z">
          <reporter-output>
          </reporter-output>
        </test-method> <!-- login -->
        <test-method status="PASS" signature="createNewPostWithNamedPostTypeAndMultipleChoicenQuestion()[pri:0, instance:com.web.gethyphen.testcases.CreateNewPostTCs@550ee7e5]" name="createNewPostWithNamedPostTypeAndMultipleChoicenQuestion" duration-ms="10224" started-at="2021-05-02T13:51:54Z" finished-at="2021-05-02T13:52:04Z">
          <reporter-output>
          </reporter-output>
        </test-method> <!-- createNewPostWithNamedPostTypeAndMultipleChoicenQuestion -->
        <test-method status="PASS" signature="closeTheBrowser()[pri:0, instance:com.web.gethyphen.testcases.CreateNewPostTCs@550ee7e5]" name="closeTheBrowser" is-config="true" duration-ms="204" started-at="2021-05-02T13:52:04Z" finished-at="2021-05-02T13:52:05Z">
          <reporter-output>
          </reporter-output>
        </test-method> <!-- closeTheBrowser -->
        <test-method status="PASS" signature="setUp(java.lang.String, java.lang.reflect.Method)[pri:0, instance:com.web.gethyphen.testcases.CreateNewPostTCs@550ee7e5]" name="setUp" is-config="true" duration-ms="7210" started-at="2021-05-02T13:52:05Z" finished-at="2021-05-02T13:52:12Z">
          <params>
            <param index="0">
              <value>
                <![CDATA[src/main/resources/prod/gethyphen.properties]]>
              </value>
            </param>
            <param index="1">
              <value>
                <![CDATA[public void com.web.gethyphen.testcases.CreateNewPostTCs.createNewPostWithNamedPostTypeAndOpenQuestion()]]>
              </value>
            </param>
          </params>
          <reporter-output>
          </reporter-output>
        </test-method> <!-- setUp -->
        <test-method status="PASS" signature="login()[pri:0, instance:com.web.gethyphen.testcases.CreateNewPostTCs@550ee7e5]" name="login" is-config="true" duration-ms="3873" started-at="2021-05-02T13:52:12Z" finished-at="2021-05-02T13:52:16Z">
          <reporter-output>
          </reporter-output>
        </test-method> <!-- login -->
        <test-method status="PASS" signature="createNewPostWithNamedPostTypeAndOpenQuestion()[pri:0, instance:com.web.gethyphen.testcases.CreateNewPostTCs@550ee7e5]" name="createNewPostWithNamedPostTypeAndOpenQuestion" duration-ms="9431" started-at="2021-05-02T13:52:16Z" finished-at="2021-05-02T13:52:25Z">
          <reporter-output>
          </reporter-output>
        </test-method> <!-- createNewPostWithNamedPostTypeAndOpenQuestion -->
        <test-method status="PASS" signature="closeTheBrowser()[pri:0, instance:com.web.gethyphen.testcases.CreateNewPostTCs@550ee7e5]" name="closeTheBrowser" is-config="true" duration-ms="211" started-at="2021-05-02T13:52:25Z" finished-at="2021-05-02T13:52:25Z">
          <reporter-output>
          </reporter-output>
        </test-method> <!-- closeTheBrowser -->
        <test-method status="PASS" signature="setUp(java.lang.String, java.lang.reflect.Method)[pri:0, instance:com.web.gethyphen.testcases.CreateNewPostTCs@550ee7e5]" name="setUp" is-config="true" duration-ms="7255" started-at="2021-05-02T13:52:25Z" finished-at="2021-05-02T13:52:33Z">
          <params>
            <param index="0">
              <value>
                <![CDATA[src/main/resources/prod/gethyphen.properties]]>
              </value>
            </param>
            <param index="1">
              <value>
                <![CDATA[public void com.web.gethyphen.testcases.CreateNewPostTCs.createNewPostWithOfficialPostTypeAndMultipleChoicenQuestion()]]>
              </value>
            </param>
          </params>
          <reporter-output>
          </reporter-output>
        </test-method> <!-- setUp -->
        <test-method status="PASS" signature="login()[pri:0, instance:com.web.gethyphen.testcases.CreateNewPostTCs@550ee7e5]" name="login" is-config="true" duration-ms="3726" started-at="2021-05-02T13:52:33Z" finished-at="2021-05-02T13:52:36Z">
          <reporter-output>
          </reporter-output>
        </test-method> <!-- login -->
        <test-method status="PASS" signature="createNewPostWithOfficialPostTypeAndMultipleChoicenQuestion()[pri:0, instance:com.web.gethyphen.testcases.CreateNewPostTCs@550ee7e5]" name="createNewPostWithOfficialPostTypeAndMultipleChoicenQuestion" duration-ms="10650" started-at="2021-05-02T13:52:36Z" finished-at="2021-05-02T13:52:47Z">
          <reporter-output>
          </reporter-output>
        </test-method> <!-- createNewPostWithOfficialPostTypeAndMultipleChoicenQuestion -->
        <test-method status="PASS" signature="closeTheBrowser()[pri:0, instance:com.web.gethyphen.testcases.CreateNewPostTCs@550ee7e5]" name="closeTheBrowser" is-config="true" duration-ms="214" started-at="2021-05-02T13:52:47Z" finished-at="2021-05-02T13:52:47Z">
          <reporter-output>
          </reporter-output>
        </test-method> <!-- closeTheBrowser -->
        <test-method status="PASS" signature="setUp(java.lang.String, java.lang.reflect.Method)[pri:0, instance:com.web.gethyphen.testcases.CreateNewPostTCs@550ee7e5]" name="setUp" is-config="true" duration-ms="6861" started-at="2021-05-02T13:52:47Z" finished-at="2021-05-02T13:52:54Z">
          <params>
            <param index="0">
              <value>
                <![CDATA[src/main/resources/prod/gethyphen.properties]]>
              </value>
            </param>
            <param index="1">
              <value>
                <![CDATA[public void com.web.gethyphen.testcases.CreateNewPostTCs.createNewPostWithOfficialPostTypeAndOpenQuestion()]]>
              </value>
            </param>
          </params>
          <reporter-output>
          </reporter-output>
        </test-method> <!-- setUp -->
        <test-method status="PASS" signature="login()[pri:0, instance:com.web.gethyphen.testcases.CreateNewPostTCs@550ee7e5]" name="login" is-config="true" duration-ms="3670" started-at="2021-05-02T13:52:54Z" finished-at="2021-05-02T13:52:58Z">
          <reporter-output>
          </reporter-output>
        </test-method> <!-- login -->
        <test-method status="PASS" signature="createNewPostWithOfficialPostTypeAndOpenQuestion()[pri:0, instance:com.web.gethyphen.testcases.CreateNewPostTCs@550ee7e5]" name="createNewPostWithOfficialPostTypeAndOpenQuestion" duration-ms="9257" started-at="2021-05-02T13:52:58Z" finished-at="2021-05-02T13:53:07Z">
          <reporter-output>
          </reporter-output>
        </test-method> <!-- createNewPostWithOfficialPostTypeAndOpenQuestion -->
        <test-method status="PASS" signature="closeTheBrowser()[pri:0, instance:com.web.gethyphen.testcases.CreateNewPostTCs@550ee7e5]" name="closeTheBrowser" is-config="true" duration-ms="203" started-at="2021-05-02T13:53:07Z" finished-at="2021-05-02T13:53:07Z">
          <reporter-output>
          </reporter-output>
        </test-method> <!-- closeTheBrowser -->
      </class> <!-- com.web.gethyphen.testcases.CreateNewPostTCs -->
      <class name="com.web.gethyphen.testcases.LoginPageTCs">
        <test-method status="PASS" signature="setUp(java.lang.String, java.lang.reflect.Method)[pri:0, instance:com.web.gethyphen.testcases.LoginPageTCs@5f9b2141]" name="setUp" is-config="true" duration-ms="7068" started-at="2021-05-02T13:53:07Z" finished-at="2021-05-02T13:53:14Z">
          <params>
            <param index="0">
              <value>
                <![CDATA[src/main/resources/prod/gethyphen.properties]]>
              </value>
            </param>
            <param index="1">
              <value>
                <![CDATA[public void com.web.gethyphen.testcases.LoginPageTCs.verifyLoginWithInValidEmail() throws java.lang.InterruptedException,java.io.IOException]]>
              </value>
            </param>
          </params>
          <reporter-output>
          </reporter-output>
        </test-method> <!-- setUp -->
        <test-method status="PASS" signature="verifyLoginWithInValidEmail()[pri:0, instance:com.web.gethyphen.testcases.LoginPageTCs@5f9b2141]" name="verifyLoginWithInValidEmail" duration-ms="391" started-at="2021-05-02T13:53:14Z" finished-at="2021-05-02T13:53:15Z">
          <reporter-output>
          </reporter-output>
        </test-method> <!-- verifyLoginWithInValidEmail -->
        <test-method status="PASS" signature="closeTheBrowser()[pri:0, instance:com.web.gethyphen.testcases.LoginPageTCs@5f9b2141]" name="closeTheBrowser" is-config="true" duration-ms="208" started-at="2021-05-02T13:53:15Z" finished-at="2021-05-02T13:53:15Z">
          <reporter-output>
          </reporter-output>
        </test-method> <!-- closeTheBrowser -->
        <test-method status="PASS" signature="setUp(java.lang.String, java.lang.reflect.Method)[pri:0, instance:com.web.gethyphen.testcases.LoginPageTCs@5f9b2141]" name="setUp" is-config="true" duration-ms="8612" started-at="2021-05-02T13:53:15Z" finished-at="2021-05-02T13:53:23Z">
          <params>
            <param index="0">
              <value>
                <![CDATA[src/main/resources/prod/gethyphen.properties]]>
              </value>
            </param>
            <param index="1">
              <value>
                <![CDATA[public void com.web.gethyphen.testcases.LoginPageTCs.verifyLoginWithValidCredentials() throws java.lang.InterruptedException,java.io.IOException]]>
              </value>
            </param>
          </params>
          <reporter-output>
          </reporter-output>
        </test-method> <!-- setUp -->
        <test-method status="PASS" signature="verifyLoginWithValidCredentials()[pri:0, instance:com.web.gethyphen.testcases.LoginPageTCs@5f9b2141]" name="verifyLoginWithValidCredentials" duration-ms="7005" started-at="2021-05-02T13:53:23Z" finished-at="2021-05-02T13:53:30Z">
          <reporter-output>
          </reporter-output>
        </test-method> <!-- verifyLoginWithValidCredentials -->
        <test-method status="PASS" signature="closeTheBrowser()[pri:0, instance:com.web.gethyphen.testcases.LoginPageTCs@5f9b2141]" name="closeTheBrowser" is-config="true" duration-ms="220" started-at="2021-05-02T13:53:30Z" finished-at="2021-05-02T13:53:31Z">
          <reporter-output>
          </reporter-output>
        </test-method> <!-- closeTheBrowser -->
        <test-method status="PASS" signature="setUp(java.lang.String, java.lang.reflect.Method)[pri:0, instance:com.web.gethyphen.testcases.LoginPageTCs@5f9b2141]" name="setUp" is-config="true" duration-ms="7145" started-at="2021-05-02T13:53:31Z" finished-at="2021-05-02T13:53:38Z">
          <params>
            <param index="0">
              <value>
                <![CDATA[src/main/resources/prod/gethyphen.properties]]>
              </value>
            </param>
            <param index="1">
              <value>
                <![CDATA[public void com.web.gethyphen.testcases.LoginPageTCs.verifyLoginWithValidUserNameAndInValidPassword() throws java.lang.InterruptedException,java.io.IOException]]>
              </value>
            </param>
          </params>
          <reporter-output>
          </reporter-output>
        </test-method> <!-- setUp -->
        <test-method status="PASS" signature="verifyLoginWithValidUserNameAndInValidPassword()[pri:0, instance:com.web.gethyphen.testcases.LoginPageTCs@5f9b2141]" name="verifyLoginWithValidUserNameAndInValidPassword" duration-ms="5633" started-at="2021-05-02T13:53:38Z" finished-at="2021-05-02T13:53:43Z">
          <reporter-output>
          </reporter-output>
        </test-method> <!-- verifyLoginWithValidUserNameAndInValidPassword -->
        <test-method status="PASS" signature="closeTheBrowser()[pri:0, instance:com.web.gethyphen.testcases.LoginPageTCs@5f9b2141]" name="closeTheBrowser" is-config="true" duration-ms="192" started-at="2021-05-02T13:53:43Z" finished-at="2021-05-02T13:53:44Z">
          <reporter-output>
          </reporter-output>
        </test-method> <!-- closeTheBrowser -->
      </class> <!-- com.web.gethyphen.testcases.LoginPageTCs -->
    </test> <!-- Login -->
  </suite> <!-- GethyphenTestSuite -->
</testng-results>
